<?xml version="1.0" encoding="UTF-8"?>
<!-- Generated by org.testng.reporters.JUnitReportReporter -->
<testsuite hostname="Nora" failures="0" tests="1" name="DemoqaTest.ui.elementsPageTest.TextBoxtTest" time="1.593" errors="0" timestamp="2023-05-27T20:45:59 ALMT" skipped="0">
  <testcase classname="DemoqaTest.ui.elementsPageTest.TextBoxtTest" name="checkName" time="1.593"/>
  <system-out/>
</testsuite> <!-- DemoqaTest.ui.elementsPageTest.TextBoxtTest -->
